// 重构日志: aa07d002
// 重构日志: 532b2d04
// 重构日志: ec1181ac
// 同步 ID: 69e9b629 @ Sun Jun 14 15:42:50 UTC 2026
// 同步 ID: 0780f363 @ Sat Jun 20 10:36:58 UTC 2026
// 同步 ID: e3cd96e3 @ Sun Jun 21 11:41:06 UTC 2026
// 重构日志: b9afa2b2
// 重构日志: a8bef422
// 同步 ID: c6d12665 @ Wed Jun 24 11:34:53 UTC 2026
// 重构日志: 5dde3b36
// 同步 ID: 0adf2e6b @ Fri Jun 26 07:19:31 UTC 2026
// 重构日志: 4b02383a
// 同步 ID: 7b7ffb91 @ Sat Jun 27 01:42:55 UTC 2026
// 重构日志: e27c3d04
// 重构日志: 990a1f76
// 同步 ID: 4e060335 @ Sun Jun 28 15:43:14 UTC 2026
// 重构日志: 6302cba7
// 重构日志: 4dc386e6
// 同步 ID: f99d8ca8 @ Tue Jun 30 01:54:17 UTC 2026
// 同步 ID: 0ee5333e @ Tue Jun 30 06:39:23 UTC 2026
// 重构日志: 18a0278b
// 重构日志: 010ee1da
// 重构日志: dd6b89e7
// 重构日志: 2da6550e
// 重构日志: 64b4dca3
// 同步 ID: 1673185b @ Thu Jul  2 17:28:50 UTC 2026
// 同步 ID: 083f6c56 @ Fri Jul  3 01:38:29 UTC 2026
// 重构日志: fa58630c
// 重构日志: aafc1bc1
// 同步 ID: acf47e2e @ Sun Jul  5 09:05:48 UTC 2026
